{"C:\\Users\\Tannaz\\Documents\\GitHub\\meet\\src\\App.jsx": {"path":"C:\\Users\\Tannaz\\Documents\\GitHub\\meet\\src\\App.jsx","statementMap":{"0":{"start":{"line":6,"column":2},"end":{"line":11,"column":4}}},"fnMap":{"0":{"name":"App","decl":{"start":{"line":5,"column":9},"end":{"line":5,"column":12}},"loc":{"start":{"line":5,"column":15},"end":{"line":12,"column":1}},"line":5}},"branchMap":{},"s":{"0":2},"f":{"0":2},"b":{},"_coverageSchema":"1a1c01bbd47fc00a2c39e90264f33305004495a9","hash":"c2cfbf9b91c26d19367f37c09fc5151439aac640"}
,"C:\\Users\\Tannaz\\Documents\\GitHub\\meet\\src\\api.js": {"path":"C:\\Users\\Tannaz\\Documents\\GitHub\\meet\\src\\api.js","statementMap":{"0":{"start":{"line":3,"column":32},"end":{"line":7,"column":1}},"1":{"start":{"line":4,"column":31},"end":{"line":4,"column":68}},"2":{"start":{"line":4,"column":53},"end":{"line":4,"column":67}},"3":{"start":{"line":5,"column":22},"end":{"line":5,"column":54}},"4":{"start":{"line":6,"column":4},"end":{"line":6,"column":21}},"5":{"start":{"line":9,"column":25},"end":{"line":11,"column":1}},"6":{"start":{"line":10,"column":4},"end":{"line":10,"column":20}}},"fnMap":{"0":{"name":"(anonymous_0)","decl":{"start":{"line":3,"column":32},"end":{"line":3,"column":33}},"loc":{"start":{"line":3,"column":44},"end":{"line":7,"column":1}},"line":3},"1":{"name":"(anonymous_1)","decl":{"start":{"line":4,"column":42},"end":{"line":4,"column":43}},"loc":{"start":{"line":4,"column":53},"end":{"line":4,"column":67}},"line":4},"2":{"name":"(anonymous_2)","decl":{"start":{"line":9,"column":25},"end":{"line":9,"column":26}},"loc":{"start":{"line":9,"column":37},"end":{"line":11,"column":1}},"line":9}},"branchMap":{},"s":{"0":3,"1":2,"2":70,"3":2,"4":2,"5":3,"6":9},"f":{"0":2,"1":70,"2":9},"b":{},"_coverageSchema":"1a1c01bbd47fc00a2c39e90264f33305004495a9","hash":"d04176c9a7d06034e0cd0806dac7b044fa81eae3"}
,"C:\\Users\\Tannaz\\Documents\\GitHub\\meet\\src\\mock-data.js": {"path":"C:\\Users\\Tannaz\\Documents\\GitHub\\meet\\src\\mock-data.js","statementMap":{"0":{"start":{"line":2,"column":17},"end":{"line":1368,"column":4}}},"fnMap":{},"branchMap":{},"s":{"0":3},"f":{},"b":{},"_coverageSchema":"1a1c01bbd47fc00a2c39e90264f33305004495a9","hash":"4430bf564a0a855af128b7bd11c242b96686f77a"}
,"C:\\Users\\Tannaz\\Documents\\GitHub\\meet\\src\\components\\CitySearch.jsx": {"path":"C:\\Users\\Tannaz\\Documents\\GitHub\\meet\\src\\components\\CitySearch.jsx","statementMap":{"0":{"start":{"line":3,"column":19},"end":{"line":43,"column":1}},"1":{"start":{"line":4,"column":50},"end":{"line":4,"column":65}},"2":{"start":{"line":5,"column":30},"end":{"line":5,"column":42}},"3":{"start":{"line":6,"column":42},"end":{"line":6,"column":54}},"4":{"start":{"line":8,"column":31},"end":{"line":15,"column":5}},"5":{"start":{"line":9,"column":22},"end":{"line":9,"column":40}},"6":{"start":{"line":10,"column":34},"end":{"line":12,"column":13}},"7":{"start":{"line":11,"column":12},"end":{"line":11,"column":76}},"8":{"start":{"line":13,"column":8},"end":{"line":13,"column":24}},"9":{"start":{"line":14,"column":8},"end":{"line":14,"column":42}},"10":{"start":{"line":17,"column":31},"end":{"line":21,"column":5}},"11":{"start":{"line":18,"column":22},"end":{"line":18,"column":46}},"12":{"start":{"line":19,"column":8},"end":{"line":19,"column":24}},"13":{"start":{"line":20,"column":8},"end":{"line":20,"column":34}},"14":{"start":{"line":23,"column":4},"end":{"line":42,"column":5}},"15":{"start":{"line":30,"column":31},"end":{"line":30,"column":55}},"16":{"start":{"line":36,"column":24},"end":{"line":36,"column":98}}},"fnMap":{"0":{"name":"(anonymous_0)","decl":{"start":{"line":3,"column":19},"end":{"line":3,"column":20}},"loc":{"start":{"line":3,"column":41},"end":{"line":43,"column":1}},"line":3},"1":{"name":"(anonymous_1)","decl":{"start":{"line":8,"column":31},"end":{"line":8,"column":32}},"loc":{"start":{"line":8,"column":42},"end":{"line":15,"column":5}},"line":8},"2":{"name":"(anonymous_2)","decl":{"start":{"line":10,"column":69},"end":{"line":10,"column":70}},"loc":{"start":{"line":10,"column":83},"end":{"line":12,"column":9}},"line":10},"3":{"name":"(anonymous_3)","decl":{"start":{"line":17,"column":31},"end":{"line":17,"column":32}},"loc":{"start":{"line":17,"column":42},"end":{"line":21,"column":5}},"line":17},"4":{"name":"(anonymous_4)","decl":{"start":{"line":30,"column":25},"end":{"line":30,"column":26}},"loc":{"start":{"line":30,"column":31},"end":{"line":30,"column":55}},"line":30},"5":{"name":"(anonymous_5)","decl":{"start":{"line":35,"column":37},"end":{"line":35,"column":38}},"loc":{"start":{"line":35,"column":53},"end":{"line":37,"column":21}},"line":35}},"branchMap":{"0":{"loc":{"start":{"line":10,"column":34},"end":{"line":12,"column":13}},"type":"cond-expr","locations":[{"start":{"line":10,"column":49},"end":{"line":12,"column":10}},{"start":{"line":12,"column":11},"end":{"line":12,"column":13}}],"line":10},"1":{"loc":{"start":{"line":33,"column":13},"end":{"line":39,"column":24}},"type":"cond-expr","locations":[{"start":{"line":34,"column":16},"end":{"line":39,"column":17}},{"start":{"line":39,"column":20},"end":{"line":39,"column":24}}],"line":33}},"s":{"0":2,"1":25,"2":25,"3":25,"4":25,"5":12,"6":12,"7":24,"8":12,"9":12,"10":25,"11":1,"12":1,"13":1,"14":25,"15":3,"16":12},"f":{"0":25,"1":12,"2":24,"3":1,"4":3,"5":12},"b":{"0":[12,0],"1":[15,10]},"_coverageSchema":"1a1c01bbd47fc00a2c39e90264f33305004495a9","hash":"08ec9aac548844fa214afd1d0d5fd0c0301caacb"}
,"C:\\Users\\Tannaz\\Documents\\GitHub\\meet\\src\\components\\Event.jsx": {"path":"C:\\Users\\Tannaz\\Documents\\GitHub\\meet\\src\\components\\Event.jsx","statementMap":{"0":{"start":{"line":3,"column":14},"end":{"line":20,"column":1}},"1":{"start":{"line":4,"column":42},"end":{"line":4,"column":57}},"2":{"start":{"line":5,"column":4},"end":{"line":19,"column":6}},"3":{"start":{"line":14,"column":16},"end":{"line":14,"column":74}}},"fnMap":{"0":{"name":"(anonymous_0)","decl":{"start":{"line":3,"column":14},"end":{"line":3,"column":15}},"loc":{"start":{"line":3,"column":29},"end":{"line":20,"column":1}},"line":3},"1":{"name":"(anonymous_1)","decl":{"start":{"line":13,"column":21},"end":{"line":13,"column":22}},"loc":{"start":{"line":13,"column":27},"end":{"line":14,"column":75}},"line":13}},"branchMap":{"0":{"loc":{"start":{"line":7,"column":17},"end":{"line":7,"column":39}},"type":"binary-expr","locations":[{"start":{"line":7,"column":17},"end":{"line":7,"column":22}},{"start":{"line":7,"column":26},"end":{"line":7,"column":39}}],"line":7},"1":{"loc":{"start":{"line":8,"column":17},"end":{"line":8,"column":40}},"type":"binary-expr","locations":[{"start":{"line":8,"column":17},"end":{"line":8,"column":22}},{"start":{"line":8,"column":26},"end":{"line":8,"column":40}}],"line":8},"2":{"loc":{"start":{"line":9,"column":16},"end":{"line":9,"column":64}},"type":"binary-expr","locations":[{"start":{"line":9,"column":16},"end":{"line":9,"column":21}},{"start":{"line":9,"column":25},"end":{"line":9,"column":64}}],"line":9},"3":{"loc":{"start":{"line":10,"column":13},"end":{"line":10,"column":89}},"type":"cond-expr","locations":[{"start":{"line":10,"column":27},"end":{"line":10,"column":82}},{"start":{"line":10,"column":85},"end":{"line":10,"column":89}}],"line":10},"4":{"loc":{"start":{"line":10,"column":51},"end":{"line":10,"column":77}},"type":"binary-expr","locations":[{"start":{"line":10,"column":51},"end":{"line":10,"column":56}},{"start":{"line":10,"column":60},"end":{"line":10,"column":77}}],"line":10},"5":{"loc":{"start":{"line":14,"column":16},"end":{"line":14,"column":74}},"type":"cond-expr","locations":[{"start":{"line":14,"column":30},"end":{"line":14,"column":51}},{"start":{"line":14,"column":54},"end":{"line":14,"column":74}}],"line":14},"6":{"loc":{"start":{"line":16,"column":21},"end":{"line":16,"column":66}},"type":"cond-expr","locations":[{"start":{"line":16,"column":35},"end":{"line":16,"column":49}},{"start":{"line":16,"column":52},"end":{"line":16,"column":66}}],"line":16}},"s":{"0":3,"1":44,"2":44,"3":3},"f":{"0":44,"1":3},"b":{"0":[44,44],"1":[44,44],"2":[44,44],"3":[2,42],"4":[2,2],"5":[1,2],"6":[2,42]},"_coverageSchema":"1a1c01bbd47fc00a2c39e90264f33305004495a9","hash":"3e7fb5bda4b9db3c89a10a74dd9be8e8a818a7af"}
,"C:\\Users\\Tannaz\\Documents\\GitHub\\meet\\src\\components\\EventList.jsx": {"path":"C:\\Users\\Tannaz\\Documents\\GitHub\\meet\\src\\components\\EventList.jsx","statementMap":{"0":{"start":{"line":4,"column":18},"end":{"line":10,"column":1}},"1":{"start":{"line":5,"column":4},"end":{"line":9,"column":6}},"2":{"start":{"line":7,"column":41},"end":{"line":7,"column":79}}},"fnMap":{"0":{"name":"(anonymous_0)","decl":{"start":{"line":4,"column":18},"end":{"line":4,"column":19}},"loc":{"start":{"line":4,"column":34},"end":{"line":10,"column":1}},"line":4},"1":{"name":"(anonymous_1)","decl":{"start":{"line":7,"column":32},"end":{"line":7,"column":33}},"loc":{"start":{"line":7,"column":41},"end":{"line":7,"column":79}},"line":7}},"branchMap":{"0":{"loc":{"start":{"line":7,"column":13},"end":{"line":7,"column":86}},"type":"cond-expr","locations":[{"start":{"line":7,"column":21},"end":{"line":7,"column":80}},{"start":{"line":7,"column":82},"end":{"line":7,"column":86}}],"line":7}},"s":{"0":2,"1":5,"2":35},"f":{"0":5,"1":35},"b":{"0":[1,4]},"_coverageSchema":"1a1c01bbd47fc00a2c39e90264f33305004495a9","hash":"c0f0dd2f05044bd497b4c4b07d144450edc34177"}
,"C:\\Users\\Tannaz\\Documents\\GitHub\\meet\\src\\components\\NumberOfEvents.jsx": {"path":"C:\\Users\\Tannaz\\Documents\\GitHub\\meet\\src\\components\\NumberOfEvents.jsx","statementMap":{"0":{"start":{"line":3,"column":23},"end":{"line":23,"column":1}},"1":{"start":{"line":5,"column":40},"end":{"line":5,"column":52}},"2":{"start":{"line":7,"column":31},"end":{"line":10,"column":5}},"3":{"start":{"line":8,"column":22},"end":{"line":8,"column":40}},"4":{"start":{"line":9,"column":8},"end":{"line":9,"column":29}},"5":{"start":{"line":11,"column":4},"end":{"line":21,"column":6}}},"fnMap":{"0":{"name":"(anonymous_0)","decl":{"start":{"line":3,"column":23},"end":{"line":3,"column":24}},"loc":{"start":{"line":3,"column":32},"end":{"line":23,"column":1}},"line":3},"1":{"name":"(anonymous_1)","decl":{"start":{"line":7,"column":31},"end":{"line":7,"column":32}},"loc":{"start":{"line":7,"column":42},"end":{"line":10,"column":5}},"line":7}},"branchMap":{},"s":{"0":1,"1":6,"2":6,"3":3,"4":3,"5":6},"f":{"0":6,"1":3},"b":{},"_coverageSchema":"1a1c01bbd47fc00a2c39e90264f33305004495a9","hash":"9095bf672816b71c97886533727d37e1a67cd266"}
}
