TN:
SF:src\App.jsx
FN:5,App
FNF:1
FNH:1
FNDA:2,App
DA:6,2
LF:1
LH:1
BRF:0
BRH:0
end_of_record
TN:
SF:src\api.js
FN:3,(anonymous_0)
FN:4,(anonymous_1)
FN:9,(anonymous_2)
FNF:3
FNH:3
FNDA:2,(anonymous_0)
FNDA:70,(anonymous_1)
FNDA:9,(anonymous_2)
DA:3,3
DA:4,70
DA:5,2
DA:6,2
DA:9,3
DA:10,9
LF:6
LH:6
BRF:0
BRH:0
end_of_record
TN:
SF:src\mock-data.js
FNF:0
FNH:0
DA:2,3
LF:1
LH:1
BRF:0
BRH:0
end_of_record
TN:
SF:src\components\CitySearch.jsx
FN:3,(anonymous_0)
FN:8,(anonymous_1)
FN:10,(anonymous_2)
FN:17,(anonymous_3)
FN:30,(anonymous_4)
FN:35,(anonymous_5)
FNF:6
FNH:6
FNDA:25,(anonymous_0)
FNDA:12,(anonymous_1)
FNDA:24,(anonymous_2)
FNDA:1,(anonymous_3)
FNDA:3,(anonymous_4)
FNDA:12,(anonymous_5)
DA:3,2
DA:4,25
DA:5,25
DA:6,25
DA:8,25
DA:9,12
DA:10,12
DA:11,24
DA:13,12
DA:14,12
DA:17,25
DA:18,1
DA:19,1
DA:20,1
DA:23,25
DA:30,3
DA:36,12
LF:17
LH:17
BRDA:10,0,0,12
BRDA:10,0,1,0
BRDA:33,1,0,15
BRDA:33,1,1,10
BRF:4
BRH:3
end_of_record
TN:
SF:src\components\Event.jsx
FN:3,(anonymous_0)
FN:13,(anonymous_1)
FNF:2
FNH:2
FNDA:44,(anonymous_0)
FNDA:3,(anonymous_1)
DA:3,3
DA:4,44
DA:5,44
DA:14,3
LF:4
LH:4
BRDA:7,0,0,44
BRDA:7,0,1,44
BRDA:8,1,0,44
BRDA:8,1,1,44
BRDA:9,2,0,44
BRDA:9,2,1,44
BRDA:10,3,0,2
BRDA:10,3,1,42
BRDA:10,4,0,2
BRDA:10,4,1,2
BRDA:14,5,0,1
BRDA:14,5,1,2
BRDA:16,6,0,2
BRDA:16,6,1,42
BRF:14
BRH:14
end_of_record
TN:
SF:src\components\EventList.jsx
FN:4,(anonymous_0)
FN:7,(anonymous_1)
FNF:2
FNH:2
FNDA:5,(anonymous_0)
FNDA:35,(anonymous_1)
DA:4,2
DA:5,5
DA:7,35
LF:3
LH:3
BRDA:7,0,0,1
BRDA:7,0,1,4
BRF:2
BRH:2
end_of_record
TN:
SF:src\components\NumberOfEvents.jsx
FN:3,(anonymous_0)
FN:7,(anonymous_1)
FNF:2
FNH:2
FNDA:6,(anonymous_0)
FNDA:3,(anonymous_1)
DA:3,1
DA:5,6
DA:7,6
DA:8,3
DA:9,3
DA:11,6
LF:6
LH:6
BRF:0
BRH:0
end_of_record
