TN:
SF:src\App.jsx
FN:9,App
FN:15,(anonymous_1)
FN:19,(anonymous_2)
FN:22,(anonymous_3)
FNF:4
FNH:4
FNDA:11,App
FNDA:6,(anonymous_1)
FNDA:6,(anonymous_2)
FNDA:35,(anonymous_3)
DA:10,11
DA:11,10
DA:12,10
DA:13,10
DA:15,10
DA:16,6
DA:19,10
DA:20,6
DA:21,6
DA:22,35
DA:23,6
DA:24,6
DA:29,10
LF:13
LH:13
BRDA:21,0,0,5
BRDA:21,0,1,1
BRF:2
BRH:2
end_of_record
TN:
SF:src\api.js
FN:3,(anonymous_0)
FN:4,(anonymous_1)
FN:9,(anonymous_2)
FNF:3
FNH:3
FNDA:9,(anonymous_0)
FNDA:315,(anonymous_1)
FNDA:17,(anonymous_2)
DA:3,4
DA:4,315
DA:5,9
DA:6,9
DA:9,4
DA:10,17
LF:6
LH:6
BRF:0
BRH:0
end_of_record
TN:
SF:src\mock-data.js
FNF:0
FNH:0
DA:2,4
LF:1
LH:1
BRF:0
BRH:0
end_of_record
TN:
SF:src\components\CitySearch.jsx
FN:3,(anonymous_0)
FN:8,(anonymous_1)
FN:12,(anonymous_2)
FN:14,(anonymous_3)
FN:21,(anonymous_4)
FN:35,(anonymous_5)
FN:40,(anonymous_6)
FNF:7
FNH:7
FNDA:56,(anonymous_0)
FNDA:15,(anonymous_1)
FNDA:18,(anonymous_2)
FNDA:36,(anonymous_3)
FNDA:2,(anonymous_4)
FNDA:5,(anonymous_5)
FNDA:26,(anonymous_6)
DA:3,3
DA:4,56
DA:5,56
DA:6,56
DA:8,56
DA:9,15
DA:12,56
DA:13,18
DA:14,18
DA:15,36
DA:17,18
DA:18,18
DA:21,56
DA:22,2
DA:23,2
DA:24,2
DA:25,2
DA:28,56
DA:35,5
DA:41,26
LF:20
LH:20
BRDA:14,0,0,18
BRDA:14,0,1,0
BRDA:38,1,0,24
BRDA:38,1,1,32
BRF:4
BRH:3
end_of_record
TN:
SF:src\components\Event.jsx
FN:3,(anonymous_0)
FN:13,(anonymous_1)
FNF:2
FNH:2
FNDA:189,(anonymous_0)
FNDA:3,(anonymous_1)
DA:3,4
DA:4,189
DA:5,189
DA:14,3
LF:4
LH:4
BRDA:7,0,0,189
BRDA:7,0,1,189
BRDA:8,1,0,189
BRDA:8,1,1,189
BRDA:9,2,0,189
BRDA:9,2,1,189
BRDA:10,3,0,2
BRDA:10,3,1,187
BRDA:10,4,0,2
BRDA:10,4,1,2
BRDA:14,5,0,1
BRDA:14,5,1,2
BRDA:16,6,0,2
BRDA:16,6,1,187
BRF:14
BRH:14
end_of_record
TN:
SF:src\components\EventList.jsx
FN:4,(anonymous_0)
FN:7,(anonymous_1)
FNF:2
FNH:2
FNDA:13,(anonymous_0)
FNDA:180,(anonymous_1)
DA:4,3
DA:5,13
DA:7,180
LF:3
LH:3
BRDA:7,0,0,11
BRDA:7,0,1,2
BRF:2
BRH:2
end_of_record
TN:
SF:src\components\NumberOfEvents.jsx
FN:3,(anonymous_0)
FN:7,(anonymous_1)
FNF:2
FNH:2
FNDA:16,(anonymous_0)
FNDA:3,(anonymous_1)
DA:3,4
DA:5,16
DA:7,16
DA:8,3
DA:9,3
DA:11,16
LF:6
LH:6
BRF:0
BRH:0
end_of_record
